Flutter crash report; please file at https://github.com/flutter/flutter/issues.

## command

flutter packages get

## exception

YamlException: Error on line 27, column 1: Expected ':'.
dev_dependencies:
^

```
#0      Scanner._staleSimpleKeys (package:yaml/src/scanner.dart:491:9)
#1      Scanner._fetchMoreTokens (package:yaml/src/scanner.dart:325:9)
#2      Scanner.peek (package:yaml/src/scanner.dart:317:27)
#3      Parser._parseBlockMappingKey (package:yaml/src/parser.dart:418:26)
#4      Parser._stateMachine (package:yaml/src/parser.dart:86:16)
#5      Parser.parse (package:yaml/src/parser.dart:47:19)
#6      Loader._loadMapping (package:yaml/src/loader.dart:171:23)
#7      Loader._loadNode (package:yaml/src/loader.dart:86:16)
#8      Loader._loadMapping (package:yaml/src/loader.dart:165:19)
#9      Loader._loadNode (package:yaml/src/loader.dart:86:16)
#10     Loader._loadDocument (package:yaml/src/loader.dart:62:20)
#11     Loader.load (package:yaml/src/loader.dart:54:20)
#12     loadYamlDocument (package:yaml/yaml.dart:51:25)
#13     loadYamlNode (package:yaml/yaml.dart:42:5)
#14     loadYaml (package:yaml/yaml.dart:34:5)
#15     _pluginFromPubspec (package:flutter_tools/src/plugins.dart:62:27)
#16     findPlugins.<anonymous closure> (package:flutter_tools/src/plugins.dart:85:27)
#17     __InternalLinkedHashMap&_HashVMBase&MapMixin&_LinkedHashMapMixin.forEach (dart:collection/runtime/libcompact_hash.dart:370:8)
#18     findPlugins (package:flutter_tools/src/plugins.dart:83:12)
#19     refreshPluginsList (package:flutter_tools/src/plugins.dart:287:32)
#20     FlutterProject.ensureReadyForPlatformSpecificTooling (package:flutter_tools/src/project.dart:139:5)
<asynchronous suspension>
#21     PackagesGetCommand.runCommand (package:flutter_tools/src/commands/packages.dart:84:23)
<asynchronous suspension>
#22     FlutterCommand.verifyThenRunCommand (package:flutter_tools/src/runner/flutter_command.dart:372:18)
#23     _asyncThenWrapperHelper.<anonymous closure> (dart:async/runtime/libasync_patch.dart:77:64)
#24     _rootRunUnary (dart:async/zone.dart:1132:38)
#25     _CustomZone.runUnary (dart:async/zone.dart:1029:19)
#26     _FutureListener.handleValue (dart:async/future_impl.dart:129:18)
#27     Future._propagateToListeners.handleValueCallback (dart:async/future_impl.dart:642:45)
#28     Future._propagateToListeners (dart:async/future_impl.dart:671:32)
#29     Future._complete (dart:async/future_impl.dart:476:7)
#30     _SyncCompleter.complete (dart:async/future_impl.dart:51:12)
#31     _AsyncAwaitCompleter.complete.<anonymous closure> (dart:async/runtime/libasync_patch.dart:33:20)
#32     _rootRun (dart:async/zone.dart:1124:13)
#33     _CustomZone.run (dart:async/zone.dart:1021:19)
#34     _CustomZone.bindCallback.<anonymous closure> (dart:async/zone.dart:947:23)
#35     _microtaskLoop (dart:async/schedule_microtask.dart:41:21)
#36     _startMicrotaskLoop (dart:async/schedule_microtask.dart:50:5)
#37     _runPendingImmediateCallback (dart:isolate/runtime/libisolate_patch.dart:115:13)
#38     _RawReceivePortImpl._handleMessage (dart:isolate/runtime/libisolate_patch.dart:172:5)
```

## flutter doctor

```
[✓] Flutter (Channel beta, v0.9.4, on Microsoft Windows [Version 10.0.17134.345], locale en-US)
    • Flutter version 0.9.4 at C:\Users\Yankey\Documents\flutter
    • Framework revision f37c235c32 (4 weeks ago), 2018-09-25 17:45:40 -0400
    • Engine revision 74625aed32
    • Dart version 2.1.0-dev.5.0.flutter-a2eb050044

[✓] Android toolchain - develop for Android devices (Android SDK 28.0.3)
    • Android SDK at C:\Users\Yankey\AppData\Local\Android\sdk
    • Android NDK location not configured (optional; useful for native profiling support)
    • Platform android-28, build-tools 28.0.3
    • Java binary at: C:\Program Files\Android\Android Studio\jre\bin\java
    • Java version OpenJDK Runtime Environment (build 1.8.0_152-release-1136-b06)
    • All Android licenses accepted.

[✓] Android Studio (version 3.2)
    • Android Studio at C:\Program Files\Android\Android Studio
    • Flutter plugin version 29.1.1
    • Dart plugin version 181.5656
    • Java version OpenJDK Runtime Environment (build 1.8.0_152-release-1136-b06)

[✓] VS Code (version 1.28.2)
    • VS Code at C:\Users\Yankey\AppData\Local\Programs\Microsoft VS Code
    • Flutter extension version 2.19.0

[✓] Connected devices (1 available)
    • SM G950F • ce0517150d3628f60d • android-arm64 • Android 8.0.0 (API 26)

• No issues found!
```
